INFO: [VRFC 10-2263] Analyzing SystemVerilog file "/home/galois/Repositories/GaloisInc/vc2hdl/aes/vivado/vivado.srcs/sources_1/imports/vc2hdl/aes/gen/aes-svcsp/SVCSP_proc_AESEncrypt.sv" into library xil_defaultlib
INFO: [VRFC 10-311] analyzing module Proc_aes_AESEncrypt_295
INFO: [VRFC 10-443] port direction not specified for function/task, assuming input [/home/galois/Repositories/GaloisInc/vc2hdl/aes/vivado/vivado.srcs/sources_1/imports/vc2hdl/aes/gen/aes-svcsp/SVCSP_proc_AESEncrypt.sv:17]
INFO: [VRFC 10-443] port direction not specified for function/task, assuming input [/home/galois/Repositories/GaloisInc/vc2hdl/aes/vivado/vivado.srcs/sources_1/imports/vc2hdl/aes/gen/aes-svcsp/SVCSP_proc_AESEncrypt.sv:20]
INFO: [VRFC 10-443] port direction not specified for function/task, assuming input [/home/galois/Repositories/GaloisInc/vc2hdl/aes/vivado/vivado.srcs/sources_1/imports/vc2hdl/aes/gen/aes-svcsp/SVCSP_proc_AESEncrypt.sv:23]
INFO: [VRFC 10-443] port direction not specified for function/task, assuming input [/home/galois/Repositories/GaloisInc/vc2hdl/aes/vivado/vivado.srcs/sources_1/imports/vc2hdl/aes/gen/aes-svcsp/SVCSP_proc_AESEncrypt.sv:23]
INFO: [VRFC 10-443] port direction not specified for function/task, assuming input [/home/galois/Repositories/GaloisInc/vc2hdl/aes/vivado/vivado.srcs/sources_1/imports/vc2hdl/aes/gen/aes-svcsp/SVCSP_proc_AESEncrypt.sv:168]
INFO: [VRFC 10-443] port direction not specified for function/task, assuming input [/home/galois/Repositories/GaloisInc/vc2hdl/aes/vivado/vivado.srcs/sources_1/imports/vc2hdl/aes/gen/aes-svcsp/SVCSP_proc_AESEncrypt.sv:168]
INFO: [VRFC 10-443] port direction not specified for function/task, assuming input [/home/galois/Repositories/GaloisInc/vc2hdl/aes/vivado/vivado.srcs/sources_1/imports/vc2hdl/aes/gen/aes-svcsp/SVCSP_proc_AESEncrypt.sv:175]
INFO: [VRFC 10-443] port direction not specified for function/task, assuming input [/home/galois/Repositories/GaloisInc/vc2hdl/aes/vivado/vivado.srcs/sources_1/imports/vc2hdl/aes/gen/aes-svcsp/SVCSP_proc_AESEncrypt.sv:175]
INFO: [VRFC 10-443] port direction not specified for function/task, assuming input [/home/galois/Repositories/GaloisInc/vc2hdl/aes/vivado/vivado.srcs/sources_1/imports/vc2hdl/aes/gen/aes-svcsp/SVCSP_proc_AESEncrypt.sv:178]
INFO: [VRFC 10-443] port direction not specified for function/task, assuming input [/home/galois/Repositories/GaloisInc/vc2hdl/aes/vivado/vivado.srcs/sources_1/imports/vc2hdl/aes/gen/aes-svcsp/SVCSP_proc_AESEncrypt.sv:185]
INFO: [VRFC 10-443] port direction not specified for function/task, assuming input [/home/galois/Repositories/GaloisInc/vc2hdl/aes/vivado/vivado.srcs/sources_1/imports/vc2hdl/aes/gen/aes-svcsp/SVCSP_proc_AESEncrypt.sv:185]
INFO: [VRFC 10-443] port direction not specified for function/task, assuming input [/home/galois/Repositories/GaloisInc/vc2hdl/aes/vivado/vivado.srcs/sources_1/imports/vc2hdl/aes/gen/aes-svcsp/SVCSP_proc_AESEncrypt.sv:1472]
INFO: [VRFC 10-443] port direction not specified for function/task, assuming input [/home/galois/Repositories/GaloisInc/vc2hdl/aes/vivado/vivado.srcs/sources_1/imports/vc2hdl/aes/gen/aes-svcsp/SVCSP_proc_AESEncrypt.sv:1475]
INFO: [VRFC 10-443] port direction not specified for function/task, assuming input [/home/galois/Repositories/GaloisInc/vc2hdl/aes/vivado/vivado.srcs/sources_1/imports/vc2hdl/aes/gen/aes-svcsp/SVCSP_proc_AESEncrypt.sv:1475]
INFO: [VRFC 10-443] port direction not specified for function/task, assuming input [/home/galois/Repositories/GaloisInc/vc2hdl/aes/vivado/vivado.srcs/sources_1/imports/vc2hdl/aes/gen/aes-svcsp/SVCSP_proc_AESEncrypt.sv:1486]
INFO: [VRFC 10-443] port direction not specified for function/task, assuming input [/home/galois/Repositories/GaloisInc/vc2hdl/aes/vivado/vivado.srcs/sources_1/imports/vc2hdl/aes/gen/aes-svcsp/SVCSP_proc_AESEncrypt.sv:1486]
INFO: [VRFC 10-443] port direction not specified for function/task, assuming input [/home/galois/Repositories/GaloisInc/vc2hdl/aes/vivado/vivado.srcs/sources_1/imports/vc2hdl/aes/gen/aes-svcsp/SVCSP_proc_AESEncrypt.sv:1504]
INFO: [VRFC 10-443] port direction not specified for function/task, assuming input [/home/galois/Repositories/GaloisInc/vc2hdl/aes/vivado/vivado.srcs/sources_1/imports/vc2hdl/aes/gen/aes-svcsp/SVCSP_proc_AESEncrypt.sv:1504]
INFO: [VRFC 10-443] port direction not specified for function/task, assuming input [/home/galois/Repositories/GaloisInc/vc2hdl/aes/vivado/vivado.srcs/sources_1/imports/vc2hdl/aes/gen/aes-svcsp/SVCSP_proc_AESEncrypt.sv:1588]
INFO: [VRFC 10-443] port direction not specified for function/task, assuming input [/home/galois/Repositories/GaloisInc/vc2hdl/aes/vivado/vivado.srcs/sources_1/imports/vc2hdl/aes/gen/aes-svcsp/SVCSP_proc_AESEncrypt.sv:1591]
INFO: [VRFC 10-443] port direction not specified for function/task, assuming input [/home/galois/Repositories/GaloisInc/vc2hdl/aes/vivado/vivado.srcs/sources_1/imports/vc2hdl/aes/gen/aes-svcsp/SVCSP_proc_AESEncrypt.sv:1591]
INFO: [VRFC 10-443] port direction not specified for function/task, assuming input [/home/galois/Repositories/GaloisInc/vc2hdl/aes/vivado/vivado.srcs/sources_1/imports/vc2hdl/aes/gen/aes-svcsp/SVCSP_proc_AESEncrypt.sv:1594]
INFO: [VRFC 10-443] port direction not specified for function/task, assuming input [/home/galois/Repositories/GaloisInc/vc2hdl/aes/vivado/vivado.srcs/sources_1/imports/vc2hdl/aes/gen/aes-svcsp/SVCSP_proc_AESEncrypt.sv:1594]
INFO: [VRFC 10-443] port direction not specified for function/task, assuming input [/home/galois/Repositories/GaloisInc/vc2hdl/aes/vivado/vivado.srcs/sources_1/imports/vc2hdl/aes/gen/aes-svcsp/SVCSP_proc_AESEncrypt.sv:1739]
INFO: [VRFC 10-443] port direction not specified for function/task, assuming input [/home/galois/Repositories/GaloisInc/vc2hdl/aes/vivado/vivado.srcs/sources_1/imports/vc2hdl/aes/gen/aes-svcsp/SVCSP_proc_AESEncrypt.sv:1739]
INFO: [VRFC 10-443] port direction not specified for function/task, assuming input [/home/galois/Repositories/GaloisInc/vc2hdl/aes/vivado/vivado.srcs/sources_1/imports/vc2hdl/aes/gen/aes-svcsp/SVCSP_proc_AESEncrypt.sv:1739]
INFO: [VRFC 10-443] port direction not specified for function/task, assuming input [/home/galois/Repositories/GaloisInc/vc2hdl/aes/vivado/vivado.srcs/sources_1/imports/vc2hdl/aes/gen/aes-svcsp/SVCSP_proc_AESEncrypt.sv:1739]
INFO: [VRFC 10-443] port direction not specified for function/task, assuming input [/home/galois/Repositories/GaloisInc/vc2hdl/aes/vivado/vivado.srcs/sources_1/imports/vc2hdl/aes/gen/aes-svcsp/SVCSP_proc_AESEncrypt.sv:1830]
INFO: [VRFC 10-443] port direction not specified for function/task, assuming input [/home/galois/Repositories/GaloisInc/vc2hdl/aes/vivado/vivado.srcs/sources_1/imports/vc2hdl/aes/gen/aes-svcsp/SVCSP_proc_AESEncrypt.sv:1830]
INFO: [VRFC 10-443] port direction not specified for function/task, assuming input [/home/galois/Repositories/GaloisInc/vc2hdl/aes/vivado/vivado.srcs/sources_1/imports/vc2hdl/aes/gen/aes-svcsp/SVCSP_proc_AESEncrypt.sv:1845]
INFO: [VRFC 10-443] port direction not specified for function/task, assuming input [/home/galois/Repositories/GaloisInc/vc2hdl/aes/vivado/vivado.srcs/sources_1/imports/vc2hdl/aes/gen/aes-svcsp/SVCSP_proc_AESEncrypt.sv:1852]
INFO: [VRFC 10-443] port direction not specified for function/task, assuming input [/home/galois/Repositories/GaloisInc/vc2hdl/aes/vivado/vivado.srcs/sources_1/imports/vc2hdl/aes/gen/aes-svcsp/SVCSP_proc_AESEncrypt.sv:1855]
INFO: [VRFC 10-443] port direction not specified for function/task, assuming input [/home/galois/Repositories/GaloisInc/vc2hdl/aes/vivado/vivado.srcs/sources_1/imports/vc2hdl/aes/gen/aes-svcsp/SVCSP_proc_AESEncrypt.sv:1858]
INFO: [VRFC 10-443] port direction not specified for function/task, assuming input [/home/galois/Repositories/GaloisInc/vc2hdl/aes/vivado/vivado.srcs/sources_1/imports/vc2hdl/aes/gen/aes-svcsp/SVCSP_proc_AESEncrypt.sv:1891]
INFO: [VRFC 10-443] port direction not specified for function/task, assuming input [/home/galois/Repositories/GaloisInc/vc2hdl/aes/vivado/vivado.srcs/sources_1/imports/vc2hdl/aes/gen/aes-svcsp/SVCSP_proc_AESEncrypt.sv:1894]
INFO: [VRFC 10-443] port direction not specified for function/task, assuming input [/home/galois/Repositories/GaloisInc/vc2hdl/aes/vivado/vivado.srcs/sources_1/imports/vc2hdl/aes/gen/aes-svcsp/SVCSP_proc_AESEncrypt.sv:2345]
INFO: [VRFC 10-443] port direction not specified for function/task, assuming input [/home/galois/Repositories/GaloisInc/vc2hdl/aes/vivado/vivado.srcs/sources_1/imports/vc2hdl/aes/gen/aes-svcsp/SVCSP_proc_AESEncrypt.sv:2345]
INFO: [VRFC 10-443] port direction not specified for function/task, assuming input [/home/galois/Repositories/GaloisInc/vc2hdl/aes/vivado/vivado.srcs/sources_1/imports/vc2hdl/aes/gen/aes-svcsp/SVCSP_proc_AESEncrypt.sv:2345]
INFO: [VRFC 10-443] port direction not specified for function/task, assuming input [/home/galois/Repositories/GaloisInc/vc2hdl/aes/vivado/vivado.srcs/sources_1/imports/vc2hdl/aes/gen/aes-svcsp/SVCSP_proc_AESEncrypt.sv:2391]
INFO: [VRFC 10-443] port direction not specified for function/task, assuming input [/home/galois/Repositories/GaloisInc/vc2hdl/aes/vivado/vivado.srcs/sources_1/imports/vc2hdl/aes/gen/aes-svcsp/SVCSP_proc_AESEncrypt.sv:2391]
INFO: [VRFC 10-443] port direction not specified for function/task, assuming input [/home/galois/Repositories/GaloisInc/vc2hdl/aes/vivado/vivado.srcs/sources_1/imports/vc2hdl/aes/gen/aes-svcsp/SVCSP_proc_AESEncrypt.sv:2394]
INFO: [VRFC 10-443] port direction not specified for function/task, assuming input [/home/galois/Repositories/GaloisInc/vc2hdl/aes/vivado/vivado.srcs/sources_1/imports/vc2hdl/aes/gen/aes-svcsp/SVCSP_proc_AESEncrypt.sv:2394]
INFO: [VRFC 10-443] port direction not specified for function/task, assuming input [/home/galois/Repositories/GaloisInc/vc2hdl/aes/vivado/vivado.srcs/sources_1/imports/vc2hdl/aes/gen/aes-svcsp/SVCSP_proc_AESEncrypt.sv:2397]
INFO: [VRFC 10-443] port direction not specified for function/task, assuming input [/home/galois/Repositories/GaloisInc/vc2hdl/aes/vivado/vivado.srcs/sources_1/imports/vc2hdl/aes/gen/aes-svcsp/SVCSP_proc_AESEncrypt.sv:2397]
INFO: [VRFC 10-443] port direction not specified for function/task, assuming input [/home/galois/Repositories/GaloisInc/vc2hdl/aes/vivado/vivado.srcs/sources_1/imports/vc2hdl/aes/gen/aes-svcsp/SVCSP_proc_AESEncrypt.sv:2406]
INFO: [VRFC 10-443] port direction not specified for function/task, assuming input [/home/galois/Repositories/GaloisInc/vc2hdl/aes/vivado/vivado.srcs/sources_1/imports/vc2hdl/aes/gen/aes-svcsp/SVCSP_proc_AESEncrypt.sv:2433]
INFO: [VRFC 10-443] port direction not specified for function/task, assuming input [/home/galois/Repositories/GaloisInc/vc2hdl/aes/vivado/vivado.srcs/sources_1/imports/vc2hdl/aes/gen/aes-svcsp/SVCSP_proc_AESEncrypt.sv:2440]
INFO: [VRFC 10-443] port direction not specified for function/task, assuming input [/home/galois/Repositories/GaloisInc/vc2hdl/aes/vivado/vivado.srcs/sources_1/imports/vc2hdl/aes/gen/aes-svcsp/SVCSP_proc_AESEncrypt.sv:2440]
INFO: [VRFC 10-443] port direction not specified for function/task, assuming input [/home/galois/Repositories/GaloisInc/vc2hdl/aes/vivado/vivado.srcs/sources_1/imports/vc2hdl/aes/gen/aes-svcsp/SVCSP_proc_AESEncrypt.sv:2448]
INFO: [VRFC 10-443] port direction not specified for function/task, assuming input [/home/galois/Repositories/GaloisInc/vc2hdl/aes/vivado/vivado.srcs/sources_1/imports/vc2hdl/aes/gen/aes-svcsp/SVCSP_proc_AESEncrypt.sv:2448]
INFO: [VRFC 10-443] port direction not specified for function/task, assuming input [/home/galois/Repositories/GaloisInc/vc2hdl/aes/vivado/vivado.srcs/sources_1/imports/vc2hdl/aes/gen/aes-svcsp/SVCSP_proc_AESEncrypt.sv:2489]
INFO: [VRFC 10-443] port direction not specified for function/task, assuming input [/home/galois/Repositories/GaloisInc/vc2hdl/aes/vivado/vivado.srcs/sources_1/imports/vc2hdl/aes/gen/aes-svcsp/SVCSP_proc_AESEncrypt.sv:2489]
INFO: [VRFC 10-443] port direction not specified for function/task, assuming input [/home/galois/Repositories/GaloisInc/vc2hdl/aes/vivado/vivado.srcs/sources_1/imports/vc2hdl/aes/gen/aes-svcsp/SVCSP_proc_AESEncrypt.sv:2492]
INFO: [VRFC 10-443] port direction not specified for function/task, assuming input [/home/galois/Repositories/GaloisInc/vc2hdl/aes/vivado/vivado.srcs/sources_1/imports/vc2hdl/aes/gen/aes-svcsp/SVCSP_proc_AESEncrypt.sv:2495]
INFO: [VRFC 10-443] port direction not specified for function/task, assuming input [/home/galois/Repositories/GaloisInc/vc2hdl/aes/vivado/vivado.srcs/sources_1/imports/vc2hdl/aes/gen/aes-svcsp/SVCSP_proc_AESEncrypt.sv:2498]
INFO: [VRFC 10-443] port direction not specified for function/task, assuming input [/home/galois/Repositories/GaloisInc/vc2hdl/aes/vivado/vivado.srcs/sources_1/imports/vc2hdl/aes/gen/aes-svcsp/SVCSP_proc_AESEncrypt.sv:2501]
INFO: [VRFC 10-443] port direction not specified for function/task, assuming input [/home/galois/Repositories/GaloisInc/vc2hdl/aes/vivado/vivado.srcs/sources_1/imports/vc2hdl/aes/gen/aes-svcsp/SVCSP_proc_AESEncrypt.sv:2501]
INFO: [VRFC 10-2263] Analyzing SystemVerilog file "/home/galois/Repositories/GaloisInc/vc2hdl/aes/vivado/vivado.srcs/sources_1/imports/vc2hdl/SystemVerilogCSP.sv" into library xil_defaultlib
INFO: [VRFC 10-2263] Analyzing SystemVerilog file "/home/galois/Repositories/GaloisInc/vc2hdl/aes/vivado/vivado.srcs/sources_1/imports/vc2hdl/aes/gen/aes-svcsp/SVCSP_test_AESEncrypt.sv" into library xil_defaultlib
INFO: [VRFC 10-311] analyzing module Test_aes_AESEncrypt_295
INFO: [VRFC 10-2263] Analyzing Verilog file "/home/galois/Repositories/GaloisInc/vc2hdl/aes/vivado/vivado.sim/sim_1/behav/glbl.v" into library xil_defaultlib
INFO: [VRFC 10-311] analyzing module glbl
